This is pdfTeX, Version 3.141592653-2.6-1.40.29 (TeX Live 2026) (preloaded format=pdflatex 2026.4.10)  15 APR 2026 16:23
entering extended mode
 restricted \write18 enabled.
 file:line:error style messages enabled.
 %&-line parsing enabled.
**/home/moritz/workspace/Datenbanken_Folien_Latex/pib-ewm-folien/main.tex
(/home/moritz/workspace/Datenbanken_Folien_Latex/pib-ewm-folien/main.tex
LaTeX2e <2025-11-01>
L3 programming layer <2026-03-20>
(/usr/local/texlive/2026/texmf-dist/tex/latex/beamer/beamer.cls
Document Class: beamer 2026/01/22 v3.77 A class for typesetting presentations
(/usr/local/texlive/2026/texmf-dist/tex/latex/beamer/beamerbasemodes.sty (/usr/local/texlive/2026/texmf-dist/tex/latex/etoolbox/etoolbox.sty
Package: etoolbox 2025/10/02 v2.5m e-TeX tools for LaTeX (JAW)
\etb@tempcnta=\count275
)
\beamer@tempbox=\box53
\beamer@tempcount=\count276
\c@beamerpauses=\count277
 (/usr/local/texlive/2026/texmf-dist/tex/latex/beamer/beamerbasedecode.sty
\beamer@slideinframe=\count278
\beamer@minimum=\count279
\beamer@decode@box=\box54
)
\beamer@commentbox=\box55
\beamer@modecount=\count280
) (/usr/local/texlive/2026/texmf-dist/tex/generic/iftex/iftex.sty
Package: iftex 2024/12/12 v1.0g TeX engine tests
)
\headdp=\dimen150
\footheight=\dimen151
\sidebarheight=\dimen152
\beamer@tempdim=\dimen153
\beamer@finalheight=\dimen154
\beamer@animht=\dimen155
\beamer@animdp=\dimen156
\beamer@animwd=\dimen157
\beamer@leftmargin=\dimen158
\beamer@rightmargin=\dimen159
\beamer@leftsidebar=\dimen160
\beamer@rightsidebar=\dimen161
\beamer@boxsize=\dimen162
\beamer@vboxoffset=\dimen163
\beamer@descdefault=\dimen164
\beamer@descriptionwidth=\dimen165
\beamer@lastskip=\skip49
\beamer@areabox=\box56
\beamer@animcurrent=\box57
\beamer@animshowbox=\box58
\beamer@sectionbox=\box59
\beamer@logobox=\box60
\beamer@linebox=\box61
\beamer@sectioncount=\count281
\beamer@subsubsectionmax=\count282
\beamer@subsectionmax=\count283
\beamer@sectionmax=\count284
\beamer@totalheads=\count285
\beamer@headcounter=\count286
\beamer@partstartpage=\count287
\beamer@sectionstartpage=\count288
\beamer@subsectionstartpage=\count289
\beamer@animationtempa=\count290
\beamer@animationtempb=\count291
\beamer@xpos=\count292
\beamer@ypos=\count293
\beamer@ypos@offset=\count294
\beamer@showpartnumber=\count295
\beamer@currentsubsection=\count296
\beamer@coveringdepth=\count297
\beamer@sectionadjust=\count298
\beamer@toclastsection=\count299
\beamer@tocsectionnumber=\count300
 (/usr/local/texlive/2026/texmf-dist/tex/latex/beamer/beamerbaseoptions.sty (/usr/local/texlive/2026/texmf-dist/tex/latex/graphics/keyval.sty
Package: keyval 2022/05/29 v1.15 key=value parser (DPC)
\KV@toks@=\toks17
))
\beamer@paperwidth=\skip50
\beamer@paperheight=\skip51
 (/usr/local/texlive/2026/texmf-dist/tex/latex/geometry/geometry.sty
Package: geometry 2026/03/07 v6.0 Page Geometry
 (/usr/local/texlive/2026/texmf-dist/tex/generic/iftex/ifvtex.sty
Package: ifvtex 2019/10/25 v1.7 ifvtex legacy package. Use iftex instead.
)
\Gm@cnth=\count301
\Gm@cntv=\count302
\c@Gm@tempcnt=\count303
\Gm@bindingoffset=\dimen166
\Gm@wd@mp=\dimen167
\Gm@odd@mp=\dimen168
\Gm@even@mp=\dimen169
\Gm@layoutwidth=\dimen170
\Gm@layoutheight=\dimen171
\Gm@layouthoffset=\dimen172
\Gm@layoutvoffset=\dimen173
\Gm@dimlist=\toks18
) (/usr/local/texlive/2026/texmf-dist/tex/latex/pgf/math/pgfmath.sty (/usr/local/texlive/2026/texmf-dist/tex/latex/pgf/utilities/pgfrcs.sty (/usr/local/texlive/2026/texmf-dist/tex/generic/pgf/utilities/pgfutil-common.tex
\pgfutil@everybye=\toks19
\pgfutil@tempdima=\dimen174
\pgfutil@tempdimb=\dimen175
) (/usr/local/texlive/2026/texmf-dist/tex/generic/pgf/utilities/pgfutil-latex.def
\pgfutil@abb=\box62
) (/usr/local/texlive/2026/texmf-dist/tex/generic/pgf/utilities/pgfrcs.code.tex (/usr/local/texlive/2026/texmf-dist/tex/generic/pgf/pgf.revision.tex)
Package: pgfrcs 2025-08-29 v3.1.11a (3.1.11a)
)) (/usr/local/texlive/2026/texmf-dist/tex/latex/pgf/utilities/pgfkeys.sty (/usr/local/texlive/2026/texmf-dist/tex/generic/pgf/utilities/pgfkeys.code.tex
\pgfkeys@pathtoks=\toks20
\pgfkeys@temptoks=\toks21
 (/usr/local/texlive/2026/texmf-dist/tex/generic/pgf/utilities/pgfkeyslibraryfiltered.code.tex
\pgfkeys@tmptoks=\toks22
))) (/usr/local/texlive/2026/texmf-dist/tex/generic/pgf/math/pgfmath.code.tex (/usr/local/texlive/2026/texmf-dist/tex/generic/pgf/math/pgfmathutil.code.tex
\pgf@x=\dimen176
\pgf@xa=\dimen177
\pgf@xb=\dimen178
\pgf@xc=\dimen179
\pgf@y=\dimen180
\pgf@ya=\dimen181
\pgf@yb=\dimen182
\pgf@yc=\dimen183
\c@pgf@counta=\count304
\c@pgf@countb=\count305
\c@pgf@countc=\count306
\c@pgf@countd=\count307
) (/usr/local/texlive/2026/texmf-dist/tex/generic/pgf/math/pgfmathparser.code.tex
\pgfmath@dimen=\dimen184
\pgfmath@count=\count308
\pgfmath@box=\box63
\pgfmath@toks=\toks23
\pgfmath@stack@operand=\toks24
\pgfmath@stack@operation=\toks25
) (/usr/local/texlive/2026/texmf-dist/tex/generic/pgf/math/pgfmathfunctions.code.tex) (/usr/local/texlive/2026/texmf-dist/tex/generic/pgf/math/pgfmathfunctions.basic.code.tex) (/usr/local/texlive/2026/texmf-dist/tex/generic/pgf/math/pgfmathfunctions.trigonometric.code.tex) (/usr/local/texlive/2026/texmf-dist/tex/generic/pgf/math/pgfmathfunctions.random.code.tex) (/usr/local/texlive/2026/texmf-dist/tex/generic/pgf/math/pgfmathfunctions.comparison.code.tex) (/usr/local/texlive/2026/texmf-dist/tex/generic/pgf/math/pgfmathfunctions.base.code.tex) (/usr/local/texlive/2026/texmf-dist/tex/generic/pgf/math/pgfmathfunctions.round.code.tex) (/usr/local/texlive/2026/texmf-dist/tex/generic/pgf/math/pgfmathfunctions.misc.code.tex) (/usr/local/texlive/2026/texmf-dist/tex/generic/pgf/math/pgfmathfunctions.integerarithmetics.code.tex) (/usr/local/texlive/2026/texmf-dist/tex/generic/pgf/math/pgfmathcalc.code.tex) (/usr/local/texlive/2026/texmf-dist/tex/generic/pgf/math/pgfmathfloat.code.tex
\c@pgfmathroundto@lastzeros=\count309
))) (/usr/local/texlive/2026/texmf-dist/tex/latex/base/size11.clo
File: size11.clo 2025/01/22 v1.4n Standard LaTeX file (size option)
) (/usr/local/texlive/2026/texmf-dist/tex/latex/pgf/basiclayer/pgfcore.sty (/usr/local/texlive/2026/texmf-dist/tex/latex/graphics/graphicx.sty
Package: graphicx 2024/12/31 v1.2e Enhanced LaTeX Graphics (DPC,SPQR)
 (/usr/local/texlive/2026/texmf-dist/tex/latex/graphics/graphics.sty
Package: graphics 2024/08/06 v1.4g Standard LaTeX Graphics (DPC,SPQR)
 (/usr/local/texlive/2026/texmf-dist/tex/latex/graphics/trig.sty
Package: trig 2023/12/02 v1.11 sin cos tan (DPC)
) (/usr/local/texlive/2026/texmf-dist/tex/latex/graphics-cfg/graphics.cfg
File: graphics.cfg 2016/06/04 v1.11 sample graphics configuration
)
Package graphics Info: Driver file: pdftex.def on input line 106.
 (/usr/local/texlive/2026/texmf-dist/tex/latex/graphics-def/pdftex.def
File: pdftex.def 2025/09/29 v1.2d Graphics/color driver for pdftex
))
\Gin@req@height=\dimen185
\Gin@req@width=\dimen186
) (/usr/local/texlive/2026/texmf-dist/tex/latex/pgf/systemlayer/pgfsys.sty (/usr/local/texlive/2026/texmf-dist/tex/generic/pgf/systemlayer/pgfsys.code.tex
Package: pgfsys 2025-08-29 v3.1.11a (3.1.11a)
\pgf@x=\dimen187
\pgf@y=\dimen188
\pgf@xa=\dimen189
\pgf@ya=\dimen190
\pgf@xb=\dimen191
\pgf@yb=\dimen192
\pgf@xc=\dimen193
\pgf@yc=\dimen194
\pgf@xd=\dimen195
\pgf@yd=\dimen196
\w@pgf@writea=\write3
\r@pgf@reada=\read2
\c@pgf@counta=\count310
\c@pgf@countb=\count311
\c@pgf@countc=\count312
\c@pgf@countd=\count313
\t@pgf@toka=\toks26
\t@pgf@tokb=\toks27
\t@pgf@tokc=\toks28
\pgf@sys@id@count=\count314
 (/usr/local/texlive/2026/texmf-dist/tex/generic/pgf/systemlayer/pgf.cfg
File: pgf.cfg 2025-08-29 v3.1.11a (3.1.11a)
)
Driver file for pgf: pgfsys-pdftex.def
 (/usr/local/texlive/2026/texmf-dist/tex/generic/pgf/systemlayer/pgfsys-pdftex.def
File: pgfsys-pdftex.def 2025-08-29 v3.1.11a (3.1.11a)
 (/usr/local/texlive/2026/texmf-dist/tex/generic/pgf/systemlayer/pgfsys-common-pdf.def
File: pgfsys-common-pdf.def 2025-08-29 v3.1.11a (3.1.11a)
))) (/usr/local/texlive/2026/texmf-dist/tex/generic/pgf/systemlayer/pgfsyssoftpath.code.tex
File: pgfsyssoftpath.code.tex 2025-08-29 v3.1.11a (3.1.11a)
\pgfsyssoftpath@smallbuffer@items=\count315
\pgfsyssoftpath@bigbuffer@items=\count316
) (/usr/local/texlive/2026/texmf-dist/tex/generic/pgf/systemlayer/pgfsysprotocol.code.tex
File: pgfsysprotocol.code.tex 2025-08-29 v3.1.11a (3.1.11a)
)) (/usr/local/texlive/2026/texmf-dist/tex/latex/xcolor/xcolor.sty
Package: xcolor 2024/09/29 v3.02 LaTeX color extensions (UK)
 (/usr/local/texlive/2026/texmf-dist/tex/latex/graphics-cfg/color.cfg
File: color.cfg 2016/01/02 v1.6 sample color configuration
)
Package xcolor Info: Driver file: pdftex.def on input line 274.
 (/usr/local/texlive/2026/texmf-dist/tex/latex/graphics/mathcolor.ltx)
Package xcolor Info: Model `cmy' substituted by `cmy0' on input line 1349.
Package xcolor Info: Model `hsb' substituted by `rgb' on input line 1353.
Package xcolor Info: Model `RGB' extended on input line 1365.
Package xcolor Info: Model `HTML' substituted by `rgb' on input line 1367.
Package xcolor Info: Model `Hsb' substituted by `hsb' on input line 1368.
Package xcolor Info: Model `tHsb' substituted by `hsb' on input line 1369.
Package xcolor Info: Model `HSB' substituted by `hsb' on input line 1370.
Package xcolor Info: Model `Gray' substituted by `gray' on input line 1371.
Package xcolor Info: Model `wave' substituted by `hsb' on input line 1372.
) (/usr/local/texlive/2026/texmf-dist/tex/latex/xcolor/svgnam.def
File: svgnam.def 2024/09/29 v3.02 Predefined colors according to SVG 1.1 (UK)
) (/usr/local/texlive/2026/texmf-dist/tex/generic/pgf/basiclayer/pgfcore.code.tex
Package: pgfcore 2025-08-29 v3.1.11a (3.1.11a)
 (/usr/local/texlive/2026/texmf-dist/tex/generic/pgf/math/pgfint.code.tex) (/usr/local/texlive/2026/texmf-dist/tex/generic/pgf/basiclayer/pgfcorepoints.code.tex
File: pgfcorepoints.code.tex 2025-08-29 v3.1.11a (3.1.11a)
\pgf@picminx=\dimen197
\pgf@picmaxx=\dimen198
\pgf@picminy=\dimen199
\pgf@picmaxy=\dimen256
\pgf@pathminx=\dimen257
\pgf@pathmaxx=\dimen258
\pgf@pathminy=\dimen259
\pgf@pathmaxy=\dimen260
\pgf@xx=\dimen261
\pgf@xy=\dimen262
\pgf@yx=\dimen263
\pgf@yy=\dimen264
\pgf@zx=\dimen265
\pgf@zy=\dimen266
) (/usr/local/texlive/2026/texmf-dist/tex/generic/pgf/basiclayer/pgfcorepathconstruct.code.tex
File: pgfcorepathconstruct.code.tex 2025-08-29 v3.1.11a (3.1.11a)
\pgf@path@lastx=\dimen267
\pgf@path@lasty=\dimen268
) (/usr/local/texlive/2026/texmf-dist/tex/generic/pgf/basiclayer/pgfcorepathusage.code.tex
File: pgfcorepathusage.code.tex 2025-08-29 v3.1.11a (3.1.11a)
\pgf@shorten@end@additional=\dimen269
\pgf@shorten@start@additional=\dimen270
) (/usr/local/texlive/2026/texmf-dist/tex/generic/pgf/basiclayer/pgfcorescopes.code.tex
File: pgfcorescopes.code.tex 2025-08-29 v3.1.11a (3.1.11a)
\pgfpic=\box64
\pgf@hbox=\box65
\pgf@layerbox@main=\box66
\pgf@picture@serial@count=\count317
) (/usr/local/texlive/2026/texmf-dist/tex/generic/pgf/basiclayer/pgfcoregraphicstate.code.tex
File: pgfcoregraphicstate.code.tex 2025-08-29 v3.1.11a (3.1.11a)
\pgflinewidth=\dimen271
) (/usr/local/texlive/2026/texmf-dist/tex/generic/pgf/basiclayer/pgfcoretransformations.code.tex
File: pgfcoretransformations.code.tex 2025-08-29 v3.1.11a (3.1.11a)
\pgf@pt@x=\dimen272
\pgf@pt@y=\dimen273
\pgf@pt@temp=\dimen274
) (/usr/local/texlive/2026/texmf-dist/tex/generic/pgf/basiclayer/pgfcorequick.code.tex
File: pgfcorequick.code.tex 2025-08-29 v3.1.11a (3.1.11a)
) (/usr/local/texlive/2026/texmf-dist/tex/generic/pgf/basiclayer/pgfcoreobjects.code.tex
File: pgfcoreobjects.code.tex 2025-08-29 v3.1.11a (3.1.11a)
) (/usr/local/texlive/2026/texmf-dist/tex/generic/pgf/basiclayer/pgfcorepathprocessing.code.tex
File: pgfcorepathprocessing.code.tex 2025-08-29 v3.1.11a (3.1.11a)
) (/usr/local/texlive/2026/texmf-dist/tex/generic/pgf/basiclayer/pgfcorearrows.code.tex
File: pgfcorearrows.code.tex 2025-08-29 v3.1.11a (3.1.11a)
\pgfarrowsep=\dimen275
) (/usr/local/texlive/2026/texmf-dist/tex/generic/pgf/basiclayer/pgfcoreshade.code.tex
File: pgfcoreshade.code.tex 2025-08-29 v3.1.11a (3.1.11a)
\pgf@max=\dimen276
\pgf@sys@shading@range@num=\count318
\pgf@shadingcount=\count319
) (/usr/local/texlive/2026/texmf-dist/tex/generic/pgf/basiclayer/pgfcoreimage.code.tex
File: pgfcoreimage.code.tex 2025-08-29 v3.1.11a (3.1.11a)
) (/usr/local/texlive/2026/texmf-dist/tex/generic/pgf/basiclayer/pgfcoreexternal.code.tex
File: pgfcoreexternal.code.tex 2025-08-29 v3.1.11a (3.1.11a)
\pgfexternal@startupbox=\box67
) (/usr/local/texlive/2026/texmf-dist/tex/generic/pgf/basiclayer/pgfcorelayers.code.tex
File: pgfcorelayers.code.tex 2025-08-29 v3.1.11a (3.1.11a)
) (/usr/local/texlive/2026/texmf-dist/tex/generic/pgf/basiclayer/pgfcoretransparency.code.tex
File: pgfcoretransparency.code.tex 2025-08-29 v3.1.11a (3.1.11a)
) (/usr/local/texlive/2026/texmf-dist/tex/generic/pgf/basiclayer/pgfcorepatterns.code.tex
File: pgfcorepatterns.code.tex 2025-08-29 v3.1.11a (3.1.11a)
) (/usr/local/texlive/2026/texmf-dist/tex/generic/pgf/basiclayer/pgfcorerdf.code.tex
File: pgfcorerdf.code.tex 2025-08-29 v3.1.11a (3.1.11a)
))) (/usr/local/texlive/2026/texmf-dist/tex/latex/pgf/utilities/xxcolor.sty
Package: xxcolor 2003/10/24 ver 0.1
\XC@nummixins=\count320
\XC@countmixins=\count321
) (/usr/local/texlive/2026/texmf-dist/tex/latex/base/atbegshi-ltx.sty
Package: atbegshi-ltx 2021/01/10 v1.0c Emulation of the original atbegshi
package with kernel methods
) (/usr/local/texlive/2026/texmf-dist/tex/latex/hyperref/hyperref.sty
Package: hyperref 2026-01-29 v7.01p Hypertext links for LaTeX
 (/usr/local/texlive/2026/texmf-dist/tex/latex/kvsetkeys/kvsetkeys.sty
Package: kvsetkeys 2022-10-05 v1.19 Key value parser (HO)
) (/usr/local/texlive/2026/texmf-dist/tex/generic/kvdefinekeys/kvdefinekeys.sty
Package: kvdefinekeys 2019-12-19 v1.6 Define keys (HO)
) (/usr/local/texlive/2026/texmf-dist/tex/generic/pdfescape/pdfescape.sty
Package: pdfescape 2019/12/09 v1.15 Implements pdfTeX's escape features (HO)
 (/usr/local/texlive/2026/texmf-dist/tex/generic/ltxcmds/ltxcmds.sty
Package: ltxcmds 2023-12-04 v1.26 LaTeX kernel commands for general use (HO)
) (/usr/local/texlive/2026/texmf-dist/tex/generic/pdftexcmds/pdftexcmds.sty
Package: pdftexcmds 2020-06-27 v0.33 Utility functions of pdfTeX for LuaTeX (HO)
 (/usr/local/texlive/2026/texmf-dist/tex/generic/infwarerr/infwarerr.sty
Package: infwarerr 2019/12/03 v1.5 Providing info/warning/error messages (HO)
)
Package pdftexcmds Info: \pdf@primitive is available.
Package pdftexcmds Info: \pdf@ifprimitive is available.
Package pdftexcmds Info: \pdfdraftmode found.
)) (/usr/local/texlive/2026/texmf-dist/tex/latex/hycolor/hycolor.sty
Package: hycolor 2020-01-27 v1.10 Color options for hyperref/bookmark (HO)
) (/usr/local/texlive/2026/texmf-dist/tex/latex/hyperref/nameref.sty
Package: nameref 2026-01-29 v2.58 Cross-referencing by name of section
 (/usr/local/texlive/2026/texmf-dist/tex/latex/refcount/refcount.sty
Package: refcount 2019/12/15 v3.6 Data extraction from label references (HO)
) (/usr/local/texlive/2026/texmf-dist/tex/generic/gettitlestring/gettitlestring.sty
Package: gettitlestring 2019/12/15 v1.6 Cleanup title references (HO)
 (/usr/local/texlive/2026/texmf-dist/tex/latex/kvoptions/kvoptions.sty
Package: kvoptions 2022-06-15 v3.15 Key value format for package options (HO)
))
\c@section@level=\count322
) (/usr/local/texlive/2026/texmf-dist/tex/generic/stringenc/stringenc.sty
Package: stringenc 2019/11/29 v1.12 Convert strings between diff. encodings (HO)
)
\@linkdim=\dimen277
\Hy@linkcounter=\count323
\Hy@pagecounter=\count324
 (/usr/local/texlive/2026/texmf-dist/tex/latex/hyperref/pd1enc.def
File: pd1enc.def 2026-01-29 v7.01p Hyperref: PDFDocEncoding definition (HO)
Now handling font encoding PD1 ...
... no UTF-8 mapping file for font encoding PD1
) (/usr/local/texlive/2026/texmf-dist/tex/generic/intcalc/intcalc.sty
Package: intcalc 2019/12/15 v1.3 Expandable calculations with integers (HO)
)
\Hy@SavedSpaceFactor=\count325
 (/usr/local/texlive/2026/texmf-dist/tex/latex/hyperref/puenc.def
File: puenc.def 2026-01-29 v7.01p Hyperref: PDF Unicode definition (HO)
Now handling font encoding PU ...
... no UTF-8 mapping file for font encoding PU
)
Package hyperref Info: Option `bookmarks' set `true' on input line 4072.
Package hyperref Info: Option `bookmarksopen' set `true' on input line 4072.
Package hyperref Info: Option `implicit' set `false' on input line 4072.
Package hyperref Info: Hyper figures OFF on input line 4201.
Package hyperref Info: Link nesting OFF on input line 4206.
Package hyperref Info: Hyper index ON on input line 4209.
Package hyperref Info: Plain pages OFF on input line 4216.
Package hyperref Info: Backreferencing OFF on input line 4221.
Package hyperref Info: Implicit mode OFF; no redefinition of LaTeX internals.
Package hyperref Info: Bookmarks ON on input line 4468.
\c@Hy@tempcnt=\count326
 (/usr/local/texlive/2026/texmf-dist/tex/latex/url/url.sty
\Urlmuskip=\muskip17
Package: url 2013/09/16  ver 3.4  Verb mode for urls, etc.
)
LaTeX Info: Redefining \url on input line 4807.
\XeTeXLinkMargin=\dimen278
 (/usr/local/texlive/2026/texmf-dist/tex/generic/bitset/bitset.sty
Package: bitset 2019/12/09 v1.3 Handle bit-vector datatype (HO)
 (/usr/local/texlive/2026/texmf-dist/tex/generic/bigintcalc/bigintcalc.sty
Package: bigintcalc 2019/12/15 v1.5 Expandable calculations on big integers (HO)
))
\Fld@menulength=\count327
\Field@Width=\dimen279
\Fld@charsize=\dimen280
Package hyperref Info: Hyper figures OFF on input line 6084.
Package hyperref Info: Link nesting OFF on input line 6089.
Package hyperref Info: Hyper index ON on input line 6092.
Package hyperref Info: backreferencing OFF on input line 6099.
Package hyperref Info: Link coloring OFF on input line 6104.
Package hyperref Info: Link coloring with OCG OFF on input line 6109.
Package hyperref Info: PDF/A mode OFF on input line 6114.
\Hy@abspage=\count328


Package hyperref Message: Stopped early.

)
Package hyperref Info: Driver (autodetected): hpdftex.
 (/usr/local/texlive/2026/texmf-dist/tex/latex/hyperref/hpdftex.def
File: hpdftex.def 2026-01-29 v7.01p Hyperref driver for pdfTeX
\Fld@listcount=\count329
\c@bookmark@seq@number=\count330
 (/usr/local/texlive/2026/texmf-dist/tex/latex/rerunfilecheck/rerunfilecheck.sty
Package: rerunfilecheck 2025-06-21 v1.11 Rerun checks for auxiliary files (HO)
 (/usr/local/texlive/2026/texmf-dist/tex/generic/uniquecounter/uniquecounter.sty
Package: uniquecounter 2019/12/15 v1.4 Provide unlimited unique counter (HO)
)
Package uniquecounter Info: New unique counter `rerunfilecheck' on input line 284.
)) (/usr/local/texlive/2026/texmf-dist/tex/latex/beamer/beamerbaserequires.sty (/usr/local/texlive/2026/texmf-dist/tex/latex/beamer/beamerbasecompatibility.sty) (/usr/local/texlive/2026/texmf-dist/tex/latex/beamer/beamerbasefont.sty (/usr/local/texlive/2026/texmf-dist/tex/latex/amsfonts/amssymb.sty
Package: amssymb 2013/01/14 v3.01 AMS font symbols
 (/usr/local/texlive/2026/texmf-dist/tex/latex/amsfonts/amsfonts.sty
Package: amsfonts 2013/01/14 v3.01 Basic AMSFonts support
\@emptytoks=\toks29
\symAMSa=\mathgroup4
\symAMSb=\mathgroup5
LaTeX Font Info:    Redeclaring math symbol \hbar on input line 98.
LaTeX Font Info:    Overwriting math alphabet `\mathfrak' in version `bold'
(Font)                  U/euf/m/n --> U/euf/b/n on input line 106.
)) (/usr/local/texlive/2026/texmf-dist/tex/latex/sansmathaccent/sansmathaccent.sty
Package: sansmathaccent 2020/01/31
 (/usr/local/texlive/2026/texmf-dist/tex/latex/koma-script/scrlfile.sty
Package: scrlfile 2026/02/02 v3.49.2 KOMA-Script package (file load hooks)
 (/usr/local/texlive/2026/texmf-dist/tex/latex/koma-script/scrlfile-hook.sty
Package: scrlfile-hook 2026/02/02 v3.49.2 KOMA-Script package (using LaTeX hooks)
 (/usr/local/texlive/2026/texmf-dist/tex/latex/koma-script/scrlogo.sty
Package: scrlogo 2026/02/02 v3.49.2 KOMA-Script package (logo)
))))) (/usr/local/texlive/2026/texmf-dist/tex/latex/beamer/beamerbasetranslator.sty (/usr/local/texlive/2026/texmf-dist/tex/latex/translator/translator.sty
Package: translator 2021-05-31 v1.12d Easy translation of strings in LaTeX
)) (/usr/local/texlive/2026/texmf-dist/tex/latex/beamer/beamerbasemisc.sty) (/usr/local/texlive/2026/texmf-dist/tex/latex/beamer/beamerbasetwoscreens.sty) (/usr/local/texlive/2026/texmf-dist/tex/latex/beamer/beamerbaseoverlay.sty
\beamer@argscount=\count331
\beamer@lastskipcover=\skip52
\beamer@trivlistdepth=\count332
) (/usr/local/texlive/2026/texmf-dist/tex/latex/beamer/beamerbasetitle.sty) (/usr/local/texlive/2026/texmf-dist/tex/latex/beamer/beamerbasesection.sty
\c@lecture=\count333
\c@part=\count334
\c@section=\count335
\c@subsection=\count336
\c@subsubsection=\count337
) (/usr/local/texlive/2026/texmf-dist/tex/latex/beamer/beamerbaseframe.sty
\beamer@framebox=\box68
\beamer@frametitlebox=\box69
\beamer@zoombox=\box70
\beamer@zoomcount=\count338
\beamer@zoomframecount=\count339
\beamer@frametextheight=\dimen281
\c@subsectionslide=\count340
\beamer@frametopskip=\skip53
\beamer@framebottomskip=\skip54
\beamer@frametopskipautobreak=\skip55
\beamer@framebottomskipautobreak=\skip56
\beamer@envbody=\toks30
\framewidth=\dimen282
\c@framenumber=\count341
) (/usr/local/texlive/2026/texmf-dist/tex/latex/beamer/beamerbaseverbatim.sty
\beamer@verbatimfileout=\write4
) (/usr/local/texlive/2026/texmf-dist/tex/latex/beamer/beamerbaseframesize.sty
\beamer@splitbox=\box71
\beamer@autobreakcount=\count342
\beamer@autobreaklastheight=\dimen283
\beamer@frametitletoks=\toks31
\beamer@framesubtitletoks=\toks32
) (/usr/local/texlive/2026/texmf-dist/tex/latex/beamer/beamerbaseframecomponents.sty
\beamer@colheight=\skip57
\beamer@footins=\box72
) (/usr/local/texlive/2026/texmf-dist/tex/latex/beamer/beamerbasecolor.sty) (/usr/local/texlive/2026/texmf-dist/tex/latex/beamer/beamerbasenotes.sty
\beamer@frameboxcopy=\box73
) (/usr/local/texlive/2026/texmf-dist/tex/latex/beamer/beamerbasetoc.sty) (/usr/local/texlive/2026/texmf-dist/tex/latex/beamer/beamerbasetemplates.sty
\beamer@sbttoks=\toks33
 (/usr/local/texlive/2026/texmf-dist/tex/latex/beamer/beamerbaseauxtemplates.sty (/usr/local/texlive/2026/texmf-dist/tex/latex/beamer/beamerbaseboxes.sty
\bmb@box=\box74
\bmb@colorbox=\box75
\bmb@boxwidth=\dimen284
\bmb@boxheight=\dimen285
\bmb@prevheight=\dimen286
\bmb@temp=\dimen287
\bmb@dima=\dimen288
\bmb@dimb=\dimen289
\bmb@prevheight=\dimen290
)
\beamer@blockheadheight=\dimen291
)) (/usr/local/texlive/2026/texmf-dist/tex/latex/beamer/beamerbaselocalstructure.sty (/usr/local/texlive/2026/texmf-dist/tex/latex/tools/enumerate.sty
Package: enumerate 2023/07/04 v3.00 enumerate extensions (DPC)
\@enLab=\toks34
)
\beamer@bibiconwidth=\skip58
\c@figure=\count343
\c@table=\count344
\abovecaptionskip=\skip59
\belowcaptionskip=\skip60
) (/usr/local/texlive/2026/texmf-dist/tex/latex/beamer/beamerbasenavigation.sty (/usr/local/texlive/2026/texmf-dist/tex/latex/beamer/beamerbasenavigationsymbols.tex)
\beamer@section@min@dim=\dimen292
) (/usr/local/texlive/2026/texmf-dist/tex/latex/beamer/beamerbasetheorems.sty (/usr/local/texlive/2026/texmf-dist/tex/latex/amsmath/amsmath.sty
Package: amsmath 2025/07/09 v2.17z AMS math features
\@mathmargin=\skip61

For additional information on amsmath, use the `?' option.
(/usr/local/texlive/2026/texmf-dist/tex/latex/amsmath/amstext.sty
Package: amstext 2024/11/17 v2.01 AMS text
 (/usr/local/texlive/2026/texmf-dist/tex/latex/amsmath/amsgen.sty
File: amsgen.sty 1999/11/30 v2.0 generic functions
\@emptytoks=\toks35
\ex@=\dimen293
)) (/usr/local/texlive/2026/texmf-dist/tex/latex/amsmath/amsbsy.sty
Package: amsbsy 1999/11/29 v1.2d Bold Symbols
\pmbraise@=\dimen294
) (/usr/local/texlive/2026/texmf-dist/tex/latex/amsmath/amsopn.sty
Package: amsopn 2022/04/08 v2.04 operator names
)
\inf@bad=\count345
LaTeX Info: Redefining \frac on input line 233.
\uproot@=\count346
\leftroot@=\count347
LaTeX Info: Redefining \overline on input line 398.
LaTeX Info: Redefining \colon on input line 409.
\classnum@=\count348
\DOTSCASE@=\count349
LaTeX Info: Redefining \ldots on input line 495.
LaTeX Info: Redefining \dots on input line 498.
LaTeX Info: Redefining \cdots on input line 619.
\Mathstrutbox@=\box76
\strutbox@=\box77
LaTeX Info: Redefining \big on input line 721.
LaTeX Info: Redefining \Big on input line 722.
LaTeX Info: Redefining \bigg on input line 723.
LaTeX Info: Redefining \Bigg on input line 724.
\big@size=\dimen295
LaTeX Font Info:    Redeclaring font encoding OML on input line 742.
LaTeX Font Info:    Redeclaring font encoding OMS on input line 743.
\macc@depth=\count350
LaTeX Info: Redefining \bmod on input line 904.
LaTeX Info: Redefining \pmod on input line 909.
LaTeX Info: Redefining \smash on input line 939.
LaTeX Info: Redefining \relbar on input line 969.
LaTeX Info: Redefining \Relbar on input line 970.
\c@MaxMatrixCols=\count351
\dotsspace@=\muskip18
\c@parentequation=\count352
\dspbrk@lvl=\count353
\tag@help=\toks36
\row@=\count354
\column@=\count355
\maxfields@=\count356
\andhelp@=\toks37
\eqnshift@=\dimen296
\alignsep@=\dimen297
\tagshift@=\dimen298
\tagwidth@=\dimen299
\totwidth@=\dimen300
\lineht@=\dimen301
\@envbody=\toks38
\multlinegap=\skip62
\multlinetaggap=\skip63
\mathdisplay@stack=\toks39
LaTeX Info: Redefining \[ on input line 2950.
LaTeX Info: Redefining \] on input line 2951.
) (/usr/local/texlive/2026/texmf-dist/tex/latex/amscls/amsthm.sty
Package: amsthm 2020/05/29 v2.20.6
\thm@style=\toks40
\thm@bodyfont=\toks41
\thm@headfont=\toks42
\thm@notefont=\toks43
\thm@headpunct=\toks44
\thm@preskip=\skip64
\thm@postskip=\skip65
\thm@headsep=\skip66
\dth@everypar=\toks45
)
\c@theorem=\count357
) (/usr/local/texlive/2026/texmf-dist/tex/latex/beamer/beamerbasethemes.sty)) (/usr/local/texlive/2026/texmf-dist/tex/latex/beamer/beamerthemedefault.sty (/usr/local/texlive/2026/texmf-dist/tex/latex/beamer/beamerfontthemedefault.sty) (/usr/local/texlive/2026/texmf-dist/tex/latex/beamer/beamercolorthemedefault.sty) (/usr/local/texlive/2026/texmf-dist/tex/latex/beamer/beamerinnerthemedefault.sty
\beamer@dima=\dimen302
\beamer@dimb=\dimen303
) (/usr/local/texlive/2026/texmf-dist/tex/latex/beamer/beamerouterthemedefault.sty))) (/usr/local/texlive/2026/texmf-dist/tex/latex/base/inputenc.sty
Package: inputenc 2024/02/08 v1.3d Input encoding file
\inpenc@prehook=\toks46
\inpenc@posthook=\toks47
) (./presentation.sty (/usr/local/texlive/2026/texmf-dist/tex/latex/base/fontenc.sty
Package: fontenc 2025/07/18 v2.1d Standard LaTeX package
) (/usr/local/texlive/2026/texmf-dist/tex/generic/babel/babel.sty
Package: babel 2026/03/24 v26.5 The multilingual framework for LuaLaTeX, pdfLaTeX and XeLaTeX
\babel@savecnt=\count358
LaTeX Encoding Info:    Redeclaring text command \ij (encoding OT1) on input line 2078.
LaTeX Encoding Info:    Redeclaring text command \IJ (encoding OT1) on input line 2080.
LaTeX Encoding Info:    Redeclaring text command \ij (encoding T1) on input line 2082.
LaTeX Encoding Info:    Redeclaring text command \IJ (encoding T1) on input line 2083.
LaTeX Encoding Info:    Ignoring declaration for text command \ij (encoding ?) on input line 2084.
LaTeX Encoding Info:    Ignoring declaration for text command \IJ (encoding ?) on input line 2086.
LaTeX Encoding Info:    Ignoring declaration for text command \SS (encoding ?) on input line 2111.
\U@D=\dimen304
\l@unhyphenated=\language91
 (/usr/local/texlive/2026/texmf-dist/tex/generic/babel/txtbabel.def)
\bbl@readstream=\read3
LaTeX Info: Redefining \textlatin on input line 3974.
\bbl@dirlevel=\count359
 (/usr/local/texlive/2026/texmf-dist/tex/generic/babel/locale/invalid/babel-ngerman.tex)
Package babel Info: Importing font and identification data for ngerman
(babel)             from babel-de.ini. Reported on input line 4330.
 (/usr/local/texlive/2026/texmf-dist/tex/generic/babel-german/ngerman.ldf
Language: ngerman 
 (/usr/local/texlive/2026/texmf-dist/tex/generic/babel-german/babel-german.def
Package babel Info: Making " an active character on input line 496.
))) (/usr/local/texlive/2026/texmf-dist/tex/latex/tools/array.sty
Package: array 2025/09/25 v2.6n Tabular extension package (FMi)
\col@sep=\dimen305
\ar@mcellbox=\box78
\extrarowheight=\dimen306
\NC@list=\toks48
\extratabsurround=\skip67
\backup@length=\skip68
\ar@cellbox=\box79
) (/usr/local/texlive/2026/texmf-dist/tex/latex/listings/listings.sty
\lst@mode=\count360
\lst@gtempboxa=\box80
\lst@token=\toks49
\lst@length=\count361
\lst@currlwidth=\dimen307
\lst@column=\count362
\lst@pos=\count363
\lst@lostspace=\dimen308
\lst@width=\dimen309
\lst@newlines=\count364
\lst@lineno=\count365
\lst@maxwidth=\dimen310
 (/usr/local/texlive/2026/texmf-dist/tex/latex/listings/lstpatch.sty
File: lstpatch.sty 2025/11/14 1.11b (Carsten Heinz)
) (/usr/local/texlive/2026/texmf-dist/tex/latex/listings/lstmisc.sty
File: lstmisc.sty 2025/11/14 1.11b (Carsten Heinz)
\c@lstnumber=\count366
\lst@skipnumbers=\count367
\lst@framebox=\box81
) (/usr/local/texlive/2026/texmf-dist/tex/latex/listings/listings.cfg
File: listings.cfg 2025/11/14 1.11b listings configuration
))
Package: listings 2025/11/14 1.11b (Carsten Heinz)

==> First Aid for listings.sty no longer applied!
    Expected:
        2024/09/23 1.10c (Carsten Heinz)
    but found:
        2025/11/14 1.11b (Carsten Heinz)
    so I'm assuming it got fixed.
(/usr/local/texlive/2026/texmf-dist/tex/latex/beamer/beamerthemeWarsaw.sty (/usr/local/texlive/2026/texmf-dist/tex/latex/beamer/beamerinnerthemerounded.sty) (/usr/local/texlive/2026/texmf-dist/tex/latex/beamer/beamerouterthemeshadow.sty (/usr/local/texlive/2026/texmf-dist/tex/latex/beamer/beamerouterthemesplit.sty)) (/usr/local/texlive/2026/texmf-dist/tex/latex/beamer/beamercolorthemeorchid.sty) (/usr/local/texlive/2026/texmf-dist/tex/latex/beamer/beamercolorthemewhale.sty))) (/usr/local/texlive/2026/texmf-dist/tex/latex/pgf/utilities/pgfpages.sty
Package: pgfpages 2011/01/05 ver 0.02
 (/usr/local/texlive/2026/texmf-dist/tex/latex/tools/calc.sty
Package: calc 2025/03/01 v4.3b Infix arithmetic (KKT,FJ)
\calc@Acount=\count368
\calc@Bcount=\count369
\calc@Adimen=\dimen311
\calc@Bdimen=\dimen312
\calc@Askip=\skip69
\calc@Bskip=\skip70
LaTeX Info: Redefining \setlength on input line 86.
LaTeX Info: Redefining \addtolength on input line 87.
\calc@Ccount=\count370
\calc@Cskip=\skip71
)
\pgf@logicalpages=\count371
\pgf@firstshipout=\count372
\pgf@lastshipout=\count373
\pgf@currentshipout=\count374
\pgf@cpn=\count375
\pgf@shipoutnextto=\count376
\pgfphysicalheight=\dimen313
\pgfphysicalwidth=\dimen314
\pgfpages@shipoutbox=\box82
) (/usr/local/texlive/2026/texmf-dist/tex/latex/base/ifthen.sty
Package: ifthen 2024/03/16 v1.1e Standard LaTeX ifthen package (DPC)
) (./beamerthemehtw-theme.sty
Package: beamerthemehtw-theme 2026/04/10 Simple science beamer theme
) (/usr/local/texlive/2026/texmf-dist/tex/latex/tikz-qtree/tikz-qtree.sty (/usr/local/texlive/2026/texmf-dist/tex/latex/pgf/frontendlayer/tikz.sty (/usr/local/texlive/2026/texmf-dist/tex/latex/pgf/basiclayer/pgf.sty
Package: pgf 2025-08-29 v3.1.11a (3.1.11a)
 (/usr/local/texlive/2026/texmf-dist/tex/generic/pgf/modules/pgfmoduleshapes.code.tex
File: pgfmoduleshapes.code.tex 2025-08-29 v3.1.11a (3.1.11a)
\pgfnodeparttextbox=\box83
) (/usr/local/texlive/2026/texmf-dist/tex/generic/pgf/modules/pgfmoduleplot.code.tex
File: pgfmoduleplot.code.tex 2025-08-29 v3.1.11a (3.1.11a)
) (/usr/local/texlive/2026/texmf-dist/tex/latex/pgf/compatibility/pgfcomp-version-0-65.sty
Package: pgfcomp-version-0-65 2025-08-29 v3.1.11a (3.1.11a)
\pgf@nodesepstart=\dimen315
\pgf@nodesepend=\dimen316
) (/usr/local/texlive/2026/texmf-dist/tex/latex/pgf/compatibility/pgfcomp-version-1-18.sty
Package: pgfcomp-version-1-18 2025-08-29 v3.1.11a (3.1.11a)
)) (/usr/local/texlive/2026/texmf-dist/tex/latex/pgf/utilities/pgffor.sty (/usr/local/texlive/2026/texmf-dist/tex/generic/pgf/utilities/pgffor.code.tex
Package: pgffor 2025-08-29 v3.1.11a (3.1.11a)
\pgffor@iter=\dimen317
\pgffor@skip=\dimen318
\pgffor@stack=\toks50
\pgffor@toks=\toks51
)) (/usr/local/texlive/2026/texmf-dist/tex/generic/pgf/frontendlayer/tikz/tikz.code.tex
Package: tikz 2025-08-29 v3.1.11a (3.1.11a)
 (/usr/local/texlive/2026/texmf-dist/tex/generic/pgf/libraries/pgflibraryplothandlers.code.tex
File: pgflibraryplothandlers.code.tex 2025-08-29 v3.1.11a (3.1.11a)
\pgf@plot@mark@count=\count377
\pgfplotmarksize=\dimen319
)
\tikz@lastx=\dimen320
\tikz@lasty=\dimen321
\tikz@lastxsaved=\dimen322
\tikz@lastysaved=\dimen323
\tikz@lastmovetox=\dimen324
\tikz@lastmovetoy=\dimen325
\tikzleveldistance=\dimen326
\tikzsiblingdistance=\dimen327
\tikz@figbox=\box84
\tikz@figbox@bg=\box85
\tikz@tempbox=\box86
\tikz@tempbox@bg=\box87
\tikztreelevel=\count378
\tikznumberofchildren=\count379
\tikznumberofcurrentchild=\count380
\tikz@fig@count=\count381
 (/usr/local/texlive/2026/texmf-dist/tex/generic/pgf/modules/pgfmodulematrix.code.tex
File: pgfmodulematrix.code.tex 2025-08-29 v3.1.11a (3.1.11a)
\pgfmatrixcurrentrow=\count382
\pgfmatrixcurrentcolumn=\count383
\pgf@matrix@numberofcolumns=\count384
)
\tikz@expandcount=\count385
 (/usr/local/texlive/2026/texmf-dist/tex/generic/pgf/frontendlayer/tikz/libraries/tikzlibrarytopaths.code.tex
File: tikzlibrarytopaths.code.tex 2025-08-29 v3.1.11a (3.1.11a)
))) (/usr/local/texlive/2026/texmf-dist/tex/latex/tikz-qtree/pgftree.sty (/usr/local/texlive/2026/texmf-dist/tex/latex/tikz-qtree/pgfsubpic.sty (/usr/local/texlive/2026/texmf-dist/tex/latex/tikz-qtree/pgfsubpic.tex
\pgf@subpicminx=\dimen328
\pgf@subpicminy=\dimen329
\pgf@subpicmaxx=\dimen330
\pgf@subpicmaxy=\dimen331
)) (/usr/local/texlive/2026/texmf-dist/tex/latex/tikz-qtree/pgftree.tex
\levelsep=\dimen332
\subtreesep=\dimen333
\smuggle@levelsep=\dimen334
\smuggle@subtreesep=\dimen335
\this@levelsep=\dimen336
\this@subtreesep=\dimen337
\pgftree@childx=\dimen338
\pgftree@savechildx=\dimen339
\pgftree@childy=\dimen340
\pgftree@savechildy=\dimen341
\pgftree@childi=\count386
\pgftree@savechildi=\count387
\pgftree@level=\count388
\pgftree@depth=\dimen342
\pgf@subpic@hbox@children=\box88
\pgf@subpic@minx@children=\dimen343
\pgf@subpic@miny@children=\dimen344
\pgf@subpic@maxx@children=\dimen345
\pgf@subpic@maxy@children=\dimen346
\pgftree@lastchildx=\dimen347
\pgftree@lastchildy=\dimen348
)) (/usr/local/texlive/2026/texmf-dist/tex/latex/tikz-qtree/tikz-qtree.tex
\@result=\toks52
\child@list=\toks53
\root@node=\toks54
)) (/usr/local/texlive/2026/texmf-dist/tex/generic/xstring/xstring.sty (/usr/local/texlive/2026/texmf-dist/tex/generic/xstring/xstring.tex
\xs_counta=\count389
\xs_countb=\count390
)
Package: xstring 2023/08/22 v1.86 String manipulations (CT)
) (/usr/local/texlive/2026/texmf-dist/tex/latex/pgfopts/pgfopts.sty
Package: pgfopts 2014/07/10 v2.1a LaTeX package options with pgfkeys
\pgfopts@list@add@a@toks=\toks55
\pgfopts@list@add@b@toks=\toks56
) (./tikz-uml.sty
Package: tikz-uml 2011/01/26
 (/usr/local/texlive/2026/texmf-dist/tex/generic/pgf/frontendlayer/tikz/libraries/tikzlibrarybackgrounds.code.tex
File: tikzlibrarybackgrounds.code.tex 2025-08-29 v3.1.11a (3.1.11a)
\pgf@layerbox@background=\box89
\pgf@layerboxsaved@background=\box90
) (/usr/local/texlive/2026/texmf-dist/tex/generic/pgf/frontendlayer/tikz/libraries/tikzlibraryarrows.code.tex
File: tikzlibraryarrows.code.tex 2025-08-29 v3.1.11a (3.1.11a)
 (/usr/local/texlive/2026/texmf-dist/tex/generic/pgf/libraries/pgflibraryarrows.code.tex
File: pgflibraryarrows.code.tex 2025-08-29 v3.1.11a (3.1.11a)
\arrowsize=\dimen349
)) (/usr/local/texlive/2026/texmf-dist/tex/generic/pgf/frontendlayer/tikz/libraries/tikzlibraryshapes.code.tex
File: tikzlibraryshapes.code.tex 2025-08-29 v3.1.11a (3.1.11a)
 (/usr/local/texlive/2026/texmf-dist/tex/generic/pgf/frontendlayer/tikz/libraries/tikzlibraryshapes.geometric.code.tex
File: tikzlibraryshapes.geometric.code.tex 2025-08-29 v3.1.11a (3.1.11a)
 (/usr/local/texlive/2026/texmf-dist/tex/generic/pgf/libraries/shapes/pgflibraryshapes.geometric.code.tex
File: pgflibraryshapes.geometric.code.tex 2025-08-29 v3.1.11a (3.1.11a)
)) (/usr/local/texlive/2026/texmf-dist/tex/generic/pgf/frontendlayer/tikz/libraries/tikzlibraryshapes.misc.code.tex
File: tikzlibraryshapes.misc.code.tex 2025-08-29 v3.1.11a (3.1.11a)
 (/usr/local/texlive/2026/texmf-dist/tex/generic/pgf/libraries/shapes/pgflibraryshapes.misc.code.tex
File: pgflibraryshapes.misc.code.tex 2025-08-29 v3.1.11a (3.1.11a)
)) (/usr/local/texlive/2026/texmf-dist/tex/generic/pgf/frontendlayer/tikz/libraries/tikzlibraryshapes.symbols.code.tex
File: tikzlibraryshapes.symbols.code.tex 2025-08-29 v3.1.11a (3.1.11a)
 (/usr/local/texlive/2026/texmf-dist/tex/generic/pgf/libraries/shapes/pgflibraryshapes.symbols.code.tex
File: pgflibraryshapes.symbols.code.tex 2025-08-29 v3.1.11a (3.1.11a)
)) (/usr/local/texlive/2026/texmf-dist/tex/generic/pgf/frontendlayer/tikz/libraries/tikzlibraryshapes.arrows.code.tex
File: tikzlibraryshapes.arrows.code.tex 2025-08-29 v3.1.11a (3.1.11a)
 (/usr/local/texlive/2026/texmf-dist/tex/generic/pgf/libraries/shapes/pgflibraryshapes.arrows.code.tex
File: pgflibraryshapes.arrows.code.tex 2025-08-29 v3.1.11a (3.1.11a)
)) (/usr/local/texlive/2026/texmf-dist/tex/generic/pgf/frontendlayer/tikz/libraries/tikzlibraryshapes.callouts.code.tex (/usr/local/texlive/2026/texmf-dist/tex/generic/pgf/libraries/shapes/pgflibraryshapes.callouts.code.tex)) (/usr/local/texlive/2026/texmf-dist/tex/generic/pgf/frontendlayer/tikz/libraries/tikzlibraryshapes.multipart.code.tex
File: tikzlibraryshapes.multipart.code.tex 2025-08-29 v3.1.11a (3.1.11a)
 (/usr/local/texlive/2026/texmf-dist/tex/generic/pgf/libraries/shapes/pgflibraryshapes.multipart.code.tex
File: pgflibraryshapes.multipart.code.tex 2025-08-29 v3.1.11a (3.1.11a)
\pgfnodepartlowerbox=\box91
\pgfnodeparttwobox=\box92
\pgfnodepartthreebox=\box93
\pgfnodepartfourbox=\box94
\pgfnodeparttwentybox=\box95
\pgfnodepartnineteenbox=\box96
\pgfnodeparteighteenbox=\box97
\pgfnodepartseventeenbox=\box98
\pgfnodepartsixteenbox=\box99
\pgfnodepartfifteenbox=\box100
\pgfnodepartfourteenbox=\box101
\pgfnodepartthirteenbox=\box102
\pgfnodeparttwelvebox=\box103
\pgfnodepartelevenbox=\box104
\pgfnodeparttenbox=\box105
\pgfnodepartninebox=\box106
\pgfnodeparteightbox=\box107
\pgfnodepartsevenbox=\box108
\pgfnodepartsixbox=\box109
\pgfnodepartfivebox=\box110
))) (/usr/local/texlive/2026/texmf-dist/tex/generic/pgf/frontendlayer/tikz/libraries/tikzlibraryfit.code.tex
File: tikzlibraryfit.code.tex 2025-08-29 v3.1.11a (3.1.11a)
) (/usr/local/texlive/2026/texmf-dist/tex/generic/pgf/frontendlayer/tikz/libraries/tikzlibraryshadows.code.tex
File: tikzlibraryshadows.code.tex 2025-08-29 v3.1.11a (3.1.11a)
 (/usr/local/texlive/2026/texmf-dist/tex/generic/pgf/frontendlayer/tikz/libraries/tikzlibraryfadings.code.tex
File: tikzlibraryfadings.code.tex 2025-08-29 v3.1.11a (3.1.11a)
 (/usr/local/texlive/2026/texmf-dist/tex/generic/pgf/libraries/pgflibraryfadings.code.tex
File: pgflibraryfadings.code.tex 2025-08-29 v3.1.11a (3.1.11a)
))) (/usr/local/texlive/2026/texmf-dist/tex/generic/pgf/frontendlayer/tikz/libraries/tikzlibrarydecorations.markings.code.tex (/usr/local/texlive/2026/texmf-dist/tex/generic/pgf/frontendlayer/tikz/libraries/tikzlibrarydecorations.code.tex (/usr/local/texlive/2026/texmf-dist/tex/generic/pgf/modules/pgfmoduledecorations.code.tex
\pgfdecoratedcompleteddistance=\dimen350
\pgfdecoratedremainingdistance=\dimen351
\pgfdecoratedinputsegmentcompleteddistance=\dimen352
\pgfdecoratedinputsegmentremainingdistance=\dimen353
\pgf@decorate@distancetomove=\dimen354
\pgf@decorate@repeatstate=\count391
\pgfdecorationsegmentamplitude=\dimen355
\pgfdecorationsegmentlength=\dimen356
)
\tikz@lib@dec@box=\box111
) (/usr/local/texlive/2026/texmf-dist/tex/generic/pgf/libraries/decorations/pgflibrarydecorations.markings.code.tex))
\c@tikzumlPackageLayers=\count392
\pgf@layerbox@package0=\box112
\pgf@layerboxsaved@package0=\box113
\pgf@layerbox@package1=\box114
\pgf@layerboxsaved@package1=\box115
\pgf@layerbox@package2=\box116
\pgf@layerboxsaved@package2=\box117
\pgf@layerbox@package3=\box118
\pgf@layerboxsaved@package3=\box119
\c@tikzumlFragmentLayers=\count393
\pgf@layerbox@fragment0=\box120
\pgf@layerboxsaved@fragment0=\box121
\pgf@layerbox@fragment1=\box122
\pgf@layerboxsaved@fragment1=\box123
\pgf@layerbox@fragment2=\box124
\pgf@layerboxsaved@fragment2=\box125
\pgf@layerbox@fragment3=\box126
\pgf@layerboxsaved@fragment3=\box127
\c@tikzumlStateLayers=\count394
\pgf@layerbox@state0=\box128
\pgf@layerboxsaved@state0=\box129
\pgf@layerbox@state1=\box130
\pgf@layerboxsaved@state1=\box131
\pgf@layerbox@state2=\box132
\pgf@layerboxsaved@state2=\box133
\pgf@layerbox@state3=\box134
\pgf@layerboxsaved@state3=\box135
\c@tikzumlComponentLayers=\count395
\pgf@layerbox@component0=\box136
\pgf@layerboxsaved@component0=\box137
\pgf@layerbox@component1=\box138
\pgf@layerboxsaved@component1=\box139
\pgf@layerbox@component2=\box140
\pgf@layerboxsaved@component2=\box141
\pgf@layerbox@component3=\box142
\pgf@layerboxsaved@component3=\box143
\pgf@layerbox@lifelines=\box144
\pgf@layerboxsaved@lifelines=\box145
\pgf@layerbox@activity=\box146
\pgf@layerboxsaved@activity=\box147
\pgf@layerbox@connections=\box148
\pgf@layerboxsaved@connections=\box149
\c@tikzumlPackageClassNum=\count396
\c@tikzumlPackageSubPackageNum=\count397
\c@tikzumlRelationNum=\count398
\c@tikzumlNoteNum=\count399
\c@pos=\count400
\c@posT=\count401
\c@posStereo=\count402
\c@tikzumlPackageLevel=\count403
\tikzumlNestingSymbolSize=\dimen357
\c@tikzumlSystemUseCaseNum=\count404
\c@tikzumlSystemLevel=\count405
\c@tikzumlUseCaseNum=\count406
\c@tikzumlActorNum=\count407
\c@tikzumlStateJoinNum=\count408
\c@tikzumlStateDecisionNum=\count409
\c@tikzumlStateInitialNum=\count410
\c@tikzumlStateFinalNum=\count411
\c@tikzumlStateEnterNum=\count412
\c@tikzumlStateExitNum=\count413
\c@tikzumlStateEndNum=\count414
\c@tikzumlStateHistoryNum=\count415
\c@tikzumlStateDeepHistoryNum=\count416
\c@tikzumlStateLevel=\count417
\c@tikzumlStateSubStateNum=\count418
\c@tikzumlStateText=\count419
\c@tikzumlObjectNum=\count420
\c@tikzumlCallLevel=\count421
\c@tikzumlCallNum=\count422
\c@tikzumlFragmentLevel=\count423
\c@tikzumlFragmentLevelNum=\count424
\c@tikzumlFragmentNum=\count425
\c@tikzumlFragmentPartNum=\count426
\c@tikzumlCallStartFragmentNum=\count427
\c@tikzumlCallEndFragmentNum=\count428
\c@tikzumlSDNodeNum=\count429
\tikzumlCall@xa=\skip72
\tikzumlCall@xb=\skip73
\c@tikzumlComponentLevel=\count430
\c@tikzumlComponentSubComponentNum=\count431
\c@tikzumlConnectorNum=\count432
\tikzuml@AC@xa=\skip74
\tikzuml@AC@ya=\skip75
\tikzuml@AC@xb=\skip76
\tikzuml@AC@yb=\skip77
\tikzuml@AC@xi=\skip78
\tikzuml@AC@yi=\skip79
\tikzuml@AC@xic=\skip80
\tikzuml@AC@yic=\skip81
\tikzuml@AC@xio=\skip82
\tikzuml@AC@yio=\skip83
\tikzuml@AC@AB=\skip84
\tikzuml@AC@lambda=\skip85
\tikzuml@AC@xtrc=\skip86
\tikzuml@AC@ytrc=\skip87
\tikzuml@AC@xtlc=\skip88
\tikzuml@AC@ytlc=\skip89
\tikzuml@AC@xblc=\skip90
\tikzuml@AC@yblc=\skip91
\tikzuml@AC@xbrc=\skip92
\tikzuml@AC@ybrc=\skip93
\tikzuml@AC@middleArm=\skip94
) (/usr/local/texlive/2026/texmf-dist/tex/generic/pgf/libraries/pgflibraryarrows.meta.code.tex
File: pgflibraryarrows.meta.code.tex 2025-08-29 v3.1.11a (3.1.11a)
\pgfarrowinset=\dimen358
\pgfarrowlength=\dimen359
\pgfarrowwidth=\dimen360
\pgfarrowlinewidth=\dimen361
) (/usr/local/texlive/2026/texmf-dist/tex/generic/pgf/frontendlayer/tikz/libraries/tikzlibrarycalc.code.tex
File: tikzlibrarycalc.code.tex 2025-08-29 v3.1.11a (3.1.11a)
) (/usr/local/texlive/2026/texmf-dist/tex/generic/pgf/frontendlayer/tikz/libraries/tikzlibrarychains.code.tex
File: tikzlibrarychains.code.tex 2025-08-29 v3.1.11a (3.1.11a)
 (/usr/local/texlive/2026/texmf-dist/tex/generic/pgf/frontendlayer/tikz/libraries/tikzlibrarypositioning.code.tex
File: tikzlibrarypositioning.code.tex 2025-08-29 v3.1.11a (3.1.11a)
)) (/usr/local/texlive/2026/texmf-dist/tex/generic/pgf/frontendlayer/tikz/libraries/tikzlibrarymatrix.code.tex
File: tikzlibrarymatrix.code.tex 2025-08-29 v3.1.11a (3.1.11a)
) (/usr/local/texlive/2026/texmf-dist/tex/generic/pgf/frontendlayer/tikz/libraries/tikzlibraryscopes.code.tex
File: tikzlibraryscopes.code.tex 2025-08-29 v3.1.11a (3.1.11a)
) (/usr/local/texlive/2026/texmf-dist/tex/generic/pgf/frontendlayer/tikz/libraries/tikzlibraryer.code.tex
File: tikzlibraryer.code.tex 2025-08-29 v3.1.11a (3.1.11a)
) (/usr/local/texlive/2026/texmf-dist/tex/generic/pgf/frontendlayer/tikz/libraries/tikzlibrarydecorations.pathmorphing.code.tex (/usr/local/texlive/2026/texmf-dist/tex/generic/pgf/libraries/decorations/pgflibrarydecorations.pathmorphing.code.tex)) (/usr/local/texlive/2026/texmf-dist/tex/latex/relsize/relsize.sty
Package: relsize 2013/03/29 ver 4.1
) (/usr/local/texlive/2026/texmf-dist/tex/latex/l3backend/l3backend-pdftex.def
File: l3backend-pdftex.def 2026-02-18 L3 backend support: PDF output (pdfTeX)
\l__color_backend_stack_int=\count433
) (./main.aux (./configuration.aux) (./36-Datenbankentwurf/datenbankentwurf.aux)
Package babel Info: 'ngerman' activates 'german' shorthands.
(babel)             Reported on input line 10.
)
\openout1 = `main.aux'.

LaTeX Font Info:    Checking defaults for OML/cmm/m/it on input line 38.
LaTeX Font Info:    ... okay on input line 38.
LaTeX Font Info:    Checking defaults for OMS/cmsy/m/n on input line 38.
LaTeX Font Info:    ... okay on input line 38.
LaTeX Font Info:    Checking defaults for OT1/cmr/m/n on input line 38.
LaTeX Font Info:    ... okay on input line 38.
LaTeX Font Info:    Checking defaults for T1/cmr/m/n on input line 38.
LaTeX Font Info:    ... okay on input line 38.
LaTeX Font Info:    Checking defaults for TS1/cmr/m/n on input line 38.
LaTeX Font Info:    ... okay on input line 38.
LaTeX Font Info:    Checking defaults for OMX/cmex/m/n on input line 38.
LaTeX Font Info:    ... okay on input line 38.
LaTeX Font Info:    Checking defaults for U/cmr/m/n on input line 38.
LaTeX Font Info:    ... okay on input line 38.
LaTeX Font Info:    Checking defaults for PD1/pdf/m/n on input line 38.
LaTeX Font Info:    ... okay on input line 38.
LaTeX Font Info:    Checking defaults for PU/pdf/m/n on input line 38.
LaTeX Font Info:    ... okay on input line 38.

*geometry* driver: auto-detecting
*geometry* detected driver: pdftex
*geometry* verbose mode - [ preamble ] result:
* driver: pdftex
* paper: custom
* layout: <same size as paper>
* layoutoffset:(h,v)=(0.0pt,0.0pt)
* modes: includehead includefoot 
* h-part:(L,W,R)=(28.45274pt, 307.28987pt, 28.45274pt)
* v-part:(T,H,B)=(0.0pt, 273.14662pt, 0.0pt)
* \paperwidth=364.19536pt
* \paperheight=273.14662pt
* \textwidth=307.28987pt
* \textheight=244.6939pt
* \oddsidemargin=-43.81725pt
* \evensidemargin=-43.81725pt
* \topmargin=-72.26999pt
* \headheight=14.22636pt
* \headsep=0.0pt
* \topskip=11.0pt
* \footskip=14.22636pt
* \marginparwidth=4.0pt
* \marginparsep=10.0pt
* \columnsep=10.0pt
* \skip\footins=10.0pt plus 4.0pt minus 2.0pt
* \hoffset=0.0pt
* \voffset=0.0pt
* \mag=1000
* \@twocolumnfalse
* \@twosidefalse
* \@mparswitchfalse
* \@reversemarginfalse
* (1in=72.27pt=25.4mm, 1cm=28.453pt)

(/usr/local/texlive/2026/texmf-dist/tex/context/base/mkii/supp-pdf.mkii
[Loading MPS to PDF converter (version 2006.09.02).]
\scratchcounter=\count434
\scratchdimen=\dimen362
\scratchbox=\box150
\nofMPsegments=\count435
\nofMParguments=\count436
\everyMPshowfont=\toks57
\MPscratchCnt=\count437
\MPscratchDim=\dimen363
\MPnumerator=\count438
\makeMPintoPDFobject=\count439
\everyMPtoPDFconversion=\toks58
) (/usr/local/texlive/2026/texmf-dist/tex/latex/epstopdf-pkg/epstopdf-base.sty
Package: epstopdf-base 2020-01-24 v2.11 Base part for package epstopdf
Package epstopdf-base Info: Redefining graphics rule for `.eps' on input line 485.
 (/usr/local/texlive/2026/texmf-dist/tex/latex/latexconfig/epstopdf-sys.cfg
File: epstopdf-sys.cfg 2010/07/13 v1.3 Configuration of (r)epstopdf for TeX Live
))
Package hyperref Info: Link coloring OFF on input line 38.
 (./main.out) (./main.out)
\@outlinefile=\write5
\openout5 = `main.out'.

LaTeX Font Info:    Overwriting symbol font `operators' in version `normal'
(Font)                  OT1/cmr/m/n --> OT1/cmss/m/n on input line 38.
LaTeX Font Info:    Overwriting symbol font `operators' in version `bold'
(Font)                  OT1/cmr/bx/n --> OT1/cmss/b/n on input line 38.
\symnumbers=\mathgroup6
\sympureletters=\mathgroup7
LaTeX Font Info:    Overwriting math alphabet `\mathrm' in version `normal'
(Font)                  OT1/cmss/m/n --> T1/cmr/m/n on input line 38.
LaTeX Font Info:    Redeclaring math alphabet \mathbf on input line 38.
LaTeX Font Info:    Overwriting math alphabet `\mathbf' in version `normal'
(Font)                  OT1/cmr/bx/n --> T1/cmss/b/n on input line 38.
LaTeX Font Info:    Overwriting math alphabet `\mathbf' in version `bold'
(Font)                  OT1/cmr/bx/n --> T1/cmss/b/n on input line 38.
LaTeX Font Info:    Redeclaring math alphabet \mathsf on input line 38.
LaTeX Font Info:    Overwriting math alphabet `\mathsf' in version `normal'
(Font)                  OT1/cmss/m/n --> T1/cmss/m/n on input line 38.
LaTeX Font Info:    Overwriting math alphabet `\mathsf' in version `bold'
(Font)                  OT1/cmss/bx/n --> T1/cmss/m/n on input line 38.
LaTeX Font Info:    Redeclaring math alphabet \mathit on input line 38.
LaTeX Font Info:    Overwriting math alphabet `\mathit' in version `normal'
(Font)                  OT1/cmr/m/it --> T1/cmss/m/it on input line 38.
LaTeX Font Info:    Overwriting math alphabet `\mathit' in version `bold'
(Font)                  OT1/cmr/bx/it --> T1/cmss/m/it on input line 38.
LaTeX Font Info:    Redeclaring math alphabet \mathtt on input line 38.
LaTeX Font Info:    Overwriting math alphabet `\mathtt' in version `normal'
(Font)                  OT1/cmtt/m/n --> T1/cmtt/m/n on input line 38.
LaTeX Font Info:    Overwriting math alphabet `\mathtt' in version `bold'
(Font)                  OT1/cmtt/m/n --> T1/cmtt/m/n on input line 38.
LaTeX Font Info:    Overwriting symbol font `numbers' in version `bold'
(Font)                  T1/cmss/m/n --> T1/cmss/b/n on input line 38.
LaTeX Font Info:    Overwriting symbol font `pureletters' in version `bold'
(Font)                  T1/cmss/m/it --> T1/cmss/b/it on input line 38.
LaTeX Font Info:    Overwriting math alphabet `\mathrm' in version `bold'
(Font)                  OT1/cmss/b/n --> T1/cmr/b/n on input line 38.
LaTeX Font Info:    Overwriting math alphabet `\mathbf' in version `bold'
(Font)                  T1/cmss/b/n --> T1/cmss/b/n on input line 38.
LaTeX Font Info:    Overwriting math alphabet `\mathsf' in version `bold'
(Font)                  T1/cmss/m/n --> T1/cmss/b/n on input line 38.
LaTeX Font Info:    Overwriting math alphabet `\mathit' in version `bold'
(Font)                  T1/cmss/m/it --> T1/cmss/b/it on input line 38.
LaTeX Font Info:    Overwriting math alphabet `\mathtt' in version `bold'
(Font)                  T1/cmtt/m/n --> T1/cmtt/b/n on input line 38.
LaTeX Font Info:    Redeclaring symbol font `pureletters' on input line 38.
LaTeX Font Info:    Encoding `T1' has changed to `OT1' for symbol font
(Font)              `pureletters' in the math version `normal' on input line 38.
LaTeX Font Info:    Overwriting symbol font `pureletters' in version `normal'
(Font)                  T1/cmss/m/it --> OT1/mathkerncmss/m/sl on input line 38.
LaTeX Font Info:    Encoding `T1' has changed to `OT1' for symbol font
(Font)              `pureletters' in the math version `bold' on input line 38.
LaTeX Font Info:    Overwriting symbol font `pureletters' in version `bold'
(Font)                  T1/cmss/b/it --> OT1/mathkerncmss/m/sl on input line 38.
LaTeX Font Info:    Overwriting symbol font `pureletters' in version `bold'
(Font)                  OT1/mathkerncmss/m/sl --> OT1/mathkerncmss/bx/sl on input line 38.
 (/usr/local/texlive/2026/texmf-dist/tex/latex/translator/translator-basic-dictionary-English.dict
Dictionary: translator-basic-dictionary, Language: English 
) (/usr/local/texlive/2026/texmf-dist/tex/latex/translator/translator-bibliography-dictionary-English.dict
Dictionary: translator-bibliography-dictionary, Language: English 
) (/usr/local/texlive/2026/texmf-dist/tex/latex/translator/translator-environment-dictionary-English.dict
Dictionary: translator-environment-dictionary, Language: English 
) (/usr/local/texlive/2026/texmf-dist/tex/latex/translator/translator-months-dictionary-English.dict
Dictionary: translator-months-dictionary, Language: English 
) (/usr/local/texlive/2026/texmf-dist/tex/latex/translator/translator-numbers-dictionary-English.dict
Dictionary: translator-numbers-dictionary, Language: English 
) (/usr/local/texlive/2026/texmf-dist/tex/latex/translator/translator-theorem-dictionary-English.dict
Dictionary: translator-theorem-dictionary, Language: English 
)
\c@lstlisting=\count440
 (./main.nav)
<theme/htwlogo.png, id=40, 501.875pt x 94.3525pt>
File: theme/htwlogo.png Graphic file (type png)
<use theme/htwlogo.png>
Package pdftex.def Info: theme/htwlogo.png  used on input line 38.
(pdftex.def)             Requested size: 59.08136pt x 11.1084pt.
\openout2 = `configuration.aux'.

 (./configuration.tex (/usr/local/texlive/2026/texmf-dist/tex/latex/listings/lstlang1.sty
File: lstlang1.sty 2025/11/14 1.11b listings language file
)) (./tikz-styles.tex) (./36-Datenbankentwurf/main.tex
\openout2 = `36-Datenbankentwurf/datenbankentwurf.aux'.

 (./36-Datenbankentwurf/datenbankentwurf.tex
File: theme/htwlogo.png Graphic file (type png)
<use theme/htwlogo.png>
Package pdftex.def Info: theme/htwlogo.png  used on input line 1.
(pdftex.def)             Requested size: 59.08136pt x 11.1084pt.
File: theme/htwlogo.png Graphic file (type png)
<use theme/htwlogo.png>
Package pdftex.def Info: theme/htwlogo.png  used on input line 1.
(pdftex.def)             Requested size: 83.76337pt x 15.74744pt.
 [1





{/usr/local/texlive/2026/texmf-var/fonts/map/pdftex/updmap/pdftex.map}{/usr/local/texlive/2026/texmf-dist/fonts/enc/dvips/cm-super/cm-super-t1.enc} <./theme/htwlogo.png>]

Package hyperref Warning: Option `pdfauthor' has already been used,
(hyperref)                setting the option has no effect on input line 2.

File: theme/htwlogo.png Graphic file (type png)
<use theme/htwlogo.png>
Package pdftex.def Info: theme/htwlogo.png  used on input line 2.
(pdftex.def)             Requested size: 59.08136pt x 11.1084pt.
File: theme/htwlogo.png Graphic file (type png)
<use theme/htwlogo.png>
Package pdftex.def Info: theme/htwlogo.png  used on input line 2.
(pdftex.def)             Requested size: 83.76337pt x 15.74744pt.
[2

]
File: theme/htwlogo.png Graphic file (type png)
<use theme/htwlogo.png>
Package pdftex.def Info: theme/htwlogo.png  used on input line 78.
(pdftex.def)             Requested size: 59.08136pt x 11.1084pt.
LaTeX Font Info:    Trying to load font information for U+msa on input line 78.
 (/usr/local/texlive/2026/texmf-dist/tex/latex/amsfonts/umsa.fd
File: umsa.fd 2013/01/14 v3.01 AMS symbols A
)
LaTeX Font Info:    Trying to load font information for U+msb on input line 78.
 (/usr/local/texlive/2026/texmf-dist/tex/latex/amsfonts/umsb.fd
File: umsb.fd 2013/01/14 v3.01 AMS symbols B
)
LaTeX Font Info:    Trying to load font information for OT1+mathkerncmss on input line 78.
 (/usr/local/texlive/2026/texmf-dist/tex/latex/sansmathaccent/ot1mathkerncmss.fd
File: ot1mathkerncmss.fd 2020/01/31 Fontinst v1.933 font definitions for OT1/mathkerncmss.
)
<36-Datenbankentwurf/bilder/check-list.png, id=57, 385.44pt x 385.44pt>
File: 36-Datenbankentwurf/bilder/check-list.png Graphic file (type png)
<use 36-Datenbankentwurf/bilder/check-list.png>
Package pdftex.def Info: 36-Datenbankentwurf/bilder/check-list.png  used on input line 78.
(pdftex.def)             Requested size: 31.29457pt x 31.2982pt.
<36-Datenbankentwurf/bilder/ERM_Example.png, id=58, 968.86969pt x 647.41875pt>
File: 36-Datenbankentwurf/bilder/ERM_Example.png Graphic file (type png)
<use 36-Datenbankentwurf/bilder/ERM_Example.png>
Package pdftex.def Info: 36-Datenbankentwurf/bilder/ERM_Example.png  used on input line 78.
(pdftex.def)             Requested size: 72.3812pt x 48.36958pt.
<36-Datenbankentwurf/bilder/Relationales_Schema_Example.png, id=59, 783.67781pt x 402.75468pt>
File: 36-Datenbankentwurf/bilder/Relationales_Schema_Example.png Graphic file (type png)
<use 36-Datenbankentwurf/bilder/Relationales_Schema_Example.png>
Package pdftex.def Info: 36-Datenbankentwurf/bilder/Relationales_Schema_Example.png  used on input line 78.
(pdftex.def)             Requested size: 77.49944pt x 39.83368pt.
<36-Datenbankentwurf/bilder/parameter_tuning.png, id=60, 770.88pt x 770.88pt>
File: 36-Datenbankentwurf/bilder/parameter_tuning.png Graphic file (type png)
<use 36-Datenbankentwurf/bilder/parameter_tuning.png>
Package pdftex.def Info: 36-Datenbankentwurf/bilder/parameter_tuning.png  used on input line 78.
(pdftex.def)             Requested size: 28.44212pt x 28.45274pt.

Overfull \hbox (0.66484pt too wide) in paragraph at lines 78--78
 [] 
 []

File: theme/htwlogo.png Graphic file (type png)
<use theme/htwlogo.png>
Package pdftex.def Info: theme/htwlogo.png  used on input line 78.
(pdftex.def)             Requested size: 59.08136pt x 11.1084pt.
[3

 <./36-Datenbankentwurf/bilder/check-list.png> <./36-Datenbankentwurf/bilder/ERM_Example.png> <./36-Datenbankentwurf/bilder/Relationales_Schema_Example.png> <./36-Datenbankentwurf/bilder/parameter_tuning.png>]
File: 36-Datenbankentwurf/bilder/check-list.png Graphic file (type png)
<use 36-Datenbankentwurf/bilder/check-list.png>
Package pdftex.def Info: 36-Datenbankentwurf/bilder/check-list.png  used on input line 78.
(pdftex.def)             Requested size: 31.29457pt x 31.2982pt.
File: 36-Datenbankentwurf/bilder/ERM_Example.png Graphic file (type png)
<use 36-Datenbankentwurf/bilder/ERM_Example.png>
Package pdftex.def Info: 36-Datenbankentwurf/bilder/ERM_Example.png  used on input line 78.
(pdftex.def)             Requested size: 72.3812pt x 48.36958pt.
File: 36-Datenbankentwurf/bilder/Relationales_Schema_Example.png Graphic file (type png)
<use 36-Datenbankentwurf/bilder/Relationales_Schema_Example.png>
Package pdftex.def Info: 36-Datenbankentwurf/bilder/Relationales_Schema_Example.png  used on input line 78.
(pdftex.def)             Requested size: 77.49944pt x 39.83368pt.
File: 36-Datenbankentwurf/bilder/parameter_tuning.png Graphic file (type png)
<use 36-Datenbankentwurf/bilder/parameter_tuning.png>
Package pdftex.def Info: 36-Datenbankentwurf/bilder/parameter_tuning.png  used on input line 78.
(pdftex.def)             Requested size: 28.44212pt x 28.45274pt.

Overfull \hbox (0.66484pt too wide) in paragraph at lines 78--78
 [] 
 []

File: theme/htwlogo.png Graphic file (type png)
<use theme/htwlogo.png>
Package pdftex.def Info: theme/htwlogo.png  used on input line 78.
(pdftex.def)             Requested size: 59.08136pt x 11.1084pt.
[4

]
File: 36-Datenbankentwurf/bilder/check-list.png Graphic file (type png)
<use 36-Datenbankentwurf/bilder/check-list.png>
Package pdftex.def Info: 36-Datenbankentwurf/bilder/check-list.png  used on input line 78.
(pdftex.def)             Requested size: 31.29457pt x 31.2982pt.
File: 36-Datenbankentwurf/bilder/ERM_Example.png Graphic file (type png)
<use 36-Datenbankentwurf/bilder/ERM_Example.png>
Package pdftex.def Info: 36-Datenbankentwurf/bilder/ERM_Example.png  used on input line 78.
(pdftex.def)             Requested size: 72.3812pt x 48.36958pt.
File: 36-Datenbankentwurf/bilder/Relationales_Schema_Example.png Graphic file (type png)
<use 36-Datenbankentwurf/bilder/Relationales_Schema_Example.png>
Package pdftex.def Info: 36-Datenbankentwurf/bilder/Relationales_Schema_Example.png  used on input line 78.
(pdftex.def)             Requested size: 77.49944pt x 39.83368pt.
File: 36-Datenbankentwurf/bilder/parameter_tuning.png Graphic file (type png)
<use 36-Datenbankentwurf/bilder/parameter_tuning.png>
Package pdftex.def Info: 36-Datenbankentwurf/bilder/parameter_tuning.png  used on input line 78.
(pdftex.def)             Requested size: 28.44212pt x 28.45274pt.

Overfull \hbox (0.66484pt too wide) in paragraph at lines 78--78
 [] 
 []

File: theme/htwlogo.png Graphic file (type png)
<use theme/htwlogo.png>
Package pdftex.def Info: theme/htwlogo.png  used on input line 78.
(pdftex.def)             Requested size: 59.08136pt x 11.1084pt.
[5

]
File: 36-Datenbankentwurf/bilder/check-list.png Graphic file (type png)
<use 36-Datenbankentwurf/bilder/check-list.png>
Package pdftex.def Info: 36-Datenbankentwurf/bilder/check-list.png  used on input line 78.
(pdftex.def)             Requested size: 31.29457pt x 31.2982pt.
File: 36-Datenbankentwurf/bilder/ERM_Example.png Graphic file (type png)
<use 36-Datenbankentwurf/bilder/ERM_Example.png>
Package pdftex.def Info: 36-Datenbankentwurf/bilder/ERM_Example.png  used on input line 78.
(pdftex.def)             Requested size: 72.3812pt x 48.36958pt.
File: 36-Datenbankentwurf/bilder/Relationales_Schema_Example.png Graphic file (type png)
<use 36-Datenbankentwurf/bilder/Relationales_Schema_Example.png>
Package pdftex.def Info: 36-Datenbankentwurf/bilder/Relationales_Schema_Example.png  used on input line 78.
(pdftex.def)             Requested size: 77.49944pt x 39.83368pt.
File: 36-Datenbankentwurf/bilder/parameter_tuning.png Graphic file (type png)
<use 36-Datenbankentwurf/bilder/parameter_tuning.png>
Package pdftex.def Info: 36-Datenbankentwurf/bilder/parameter_tuning.png  used on input line 78.
(pdftex.def)             Requested size: 28.44212pt x 28.45274pt.

Overfull \hbox (0.66484pt too wide) in paragraph at lines 78--78
 [] 
 []

File: theme/htwlogo.png Graphic file (type png)
<use theme/htwlogo.png>
Package pdftex.def Info: theme/htwlogo.png  used on input line 78.
(pdftex.def)             Requested size: 59.08136pt x 11.1084pt.
[6

]
File: theme/htwlogo.png Graphic file (type png)
<use theme/htwlogo.png>
Package pdftex.def Info: theme/htwlogo.png  used on input line 190.
(pdftex.def)             Requested size: 59.08136pt x 11.1084pt.

Overfull \hbox (1.88113pt too wide) in paragraph at lines 190--190
[][]  
 []

File: theme/htwlogo.png Graphic file (type png)
<use theme/htwlogo.png>
Package pdftex.def Info: theme/htwlogo.png  used on input line 190.
(pdftex.def)             Requested size: 59.08136pt x 11.1084pt.
[7

]
File: theme/htwlogo.png Graphic file (type png)
<use theme/htwlogo.png>
Package pdftex.def Info: theme/htwlogo.png  used on input line 245.
(pdftex.def)             Requested size: 59.08136pt x 11.1084pt.
File: theme/htwlogo.png Graphic file (type png)
<use theme/htwlogo.png>
Package pdftex.def Info: theme/htwlogo.png  used on input line 245.
(pdftex.def)             Requested size: 59.08136pt x 11.1084pt.
 [8

]
File: theme/htwlogo.png Graphic file (type png)
<use theme/htwlogo.png>
Package pdftex.def Info: theme/htwlogo.png  used on input line 245.
(pdftex.def)             Requested size: 59.08136pt x 11.1084pt.
 [9

]
File: theme/htwlogo.png Graphic file (type png)
<use theme/htwlogo.png>
Package pdftex.def Info: theme/htwlogo.png  used on input line 245.
(pdftex.def)             Requested size: 59.08136pt x 11.1084pt.
 [10

]
File: theme/htwlogo.png Graphic file (type png)
<use theme/htwlogo.png>
Package pdftex.def Info: theme/htwlogo.png  used on input line 245.
(pdftex.def)             Requested size: 59.08136pt x 11.1084pt.
 [11

]
File: theme/htwlogo.png Graphic file (type png)
<use theme/htwlogo.png>
Package pdftex.def Info: theme/htwlogo.png  used on input line 245.
(pdftex.def)             Requested size: 59.08136pt x 11.1084pt.
 [12

]
File: theme/htwlogo.png Graphic file (type png)
<use theme/htwlogo.png>
Package pdftex.def Info: theme/htwlogo.png  used on input line 245.
(pdftex.def)             Requested size: 59.08136pt x 11.1084pt.
 [13

]
File: theme/htwlogo.png Graphic file (type png)
<use theme/htwlogo.png>
Package pdftex.def Info: theme/htwlogo.png  used on input line 252.
(pdftex.def)             Requested size: 59.08136pt x 11.1084pt.
File: theme/htwlogo.png Graphic file (type png)
<use theme/htwlogo.png>
Package pdftex.def Info: theme/htwlogo.png  used on input line 252.
(pdftex.def)             Requested size: 59.08136pt x 11.1084pt.
 [14

]
File: theme/htwlogo.png Graphic file (type png)
<use theme/htwlogo.png>
Package pdftex.def Info: theme/htwlogo.png  used on input line 302.
(pdftex.def)             Requested size: 59.08136pt x 11.1084pt.
File: theme/htwlogo.png Graphic file (type png)
<use theme/htwlogo.png>
Package pdftex.def Info: theme/htwlogo.png  used on input line 302.
(pdftex.def)             Requested size: 59.08136pt x 11.1084pt.
 [15

]
File: theme/htwlogo.png Graphic file (type png)
<use theme/htwlogo.png>
Package pdftex.def Info: theme/htwlogo.png  used on input line 302.
(pdftex.def)             Requested size: 59.08136pt x 11.1084pt.
 [16

]
File: theme/htwlogo.png Graphic file (type png)
<use theme/htwlogo.png>
Package pdftex.def Info: theme/htwlogo.png  used on input line 302.
(pdftex.def)             Requested size: 59.08136pt x 11.1084pt.
 [17

]
File: theme/htwlogo.png Graphic file (type png)
<use theme/htwlogo.png>
Package pdftex.def Info: theme/htwlogo.png  used on input line 302.
(pdftex.def)             Requested size: 59.08136pt x 11.1084pt.
 [18

]
File: theme/htwlogo.png Graphic file (type png)
<use theme/htwlogo.png>
Package pdftex.def Info: theme/htwlogo.png  used on input line 302.
(pdftex.def)             Requested size: 59.08136pt x 11.1084pt.
 [19

]
File: theme/htwlogo.png Graphic file (type png)
<use theme/htwlogo.png>
Package pdftex.def Info: theme/htwlogo.png  used on input line 351.
(pdftex.def)             Requested size: 59.08136pt x 11.1084pt.
File: theme/htwlogo.png Graphic file (type png)
<use theme/htwlogo.png>
Package pdftex.def Info: theme/htwlogo.png  used on input line 351.
(pdftex.def)             Requested size: 59.08136pt x 11.1084pt.
 [20

]
File: theme/htwlogo.png Graphic file (type png)
<use theme/htwlogo.png>
Package pdftex.def Info: theme/htwlogo.png  used on input line 386.
(pdftex.def)             Requested size: 59.08136pt x 11.1084pt.
File: theme/htwlogo.png Graphic file (type png)
<use theme/htwlogo.png>
Package pdftex.def Info: theme/htwlogo.png  used on input line 386.
(pdftex.def)             Requested size: 59.08136pt x 11.1084pt.
 [21

]
File: theme/htwlogo.png Graphic file (type png)
<use theme/htwlogo.png>
Package pdftex.def Info: theme/htwlogo.png  used on input line 422.
(pdftex.def)             Requested size: 59.08136pt x 11.1084pt.
File: theme/htwlogo.png Graphic file (type png)
<use theme/htwlogo.png>
Package pdftex.def Info: theme/htwlogo.png  used on input line 422.
(pdftex.def)             Requested size: 59.08136pt x 11.1084pt.
 [22

]
File: theme/htwlogo.png Graphic file (type png)
<use theme/htwlogo.png>
Package pdftex.def Info: theme/htwlogo.png  used on input line 429.
(pdftex.def)             Requested size: 59.08136pt x 11.1084pt.
<36-Datenbankentwurf/bilder/ERD_Uni.png, id=176, 891.33pt x 607.51968pt>
File: 36-Datenbankentwurf/bilder/ERD_Uni.png Graphic file (type png)
<use 36-Datenbankentwurf/bilder/ERD_Uni.png>
Package pdftex.def Info: 36-Datenbankentwurf/bilder/ERD_Uni.png  used on input line 429.
(pdftex.def)             Requested size: 307.28987pt x 209.44618pt.
File: theme/htwlogo.png Graphic file (type png)
<use theme/htwlogo.png>
Package pdftex.def Info: theme/htwlogo.png  used on input line 429.
(pdftex.def)             Requested size: 59.08136pt x 11.1084pt.
 [23

 <./36-Datenbankentwurf/bilder/ERD_Uni.png>]
File: theme/htwlogo.png Graphic file (type png)
<use theme/htwlogo.png>
Package pdftex.def Info: theme/htwlogo.png  used on input line 435.
(pdftex.def)             Requested size: 59.08136pt x 11.1084pt.
<36-Datenbankentwurf/bilder/ERD_Uni_Kardinalitäten.png, id=184, 898.85812pt x 600.74437pt>
File: 36-Datenbankentwurf/bilder/ERD_Uni_Kardinalitäten.png Graphic file (type png)
<use 36-Datenbankentwurf/bilder/ERD_Uni_Kardinalitäten.png>
Package pdftex.def Info: 36-Datenbankentwurf/bilder/ERD_Uni_Kardinalitäten.png  used on input line 435.
(pdftex.def)             Requested size: 307.28987pt x 205.36871pt.
File: theme/htwlogo.png Graphic file (type png)
<use theme/htwlogo.png>
Package pdftex.def Info: theme/htwlogo.png  used on input line 435.
(pdftex.def)             Requested size: 59.08136pt x 11.1084pt.
 [24

 <./36-Datenbankentwurf/bilder/ERD_Uni_Kardinalitäten.png>]
File: theme/htwlogo.png Graphic file (type png)
<use theme/htwlogo.png>
Package pdftex.def Info: theme/htwlogo.png  used on input line 483.
(pdftex.def)             Requested size: 59.08136pt x 11.1084pt.
File: theme/htwlogo.png Graphic file (type png)
<use theme/htwlogo.png>
Package pdftex.def Info: theme/htwlogo.png  used on input line 483.
(pdftex.def)             Requested size: 59.08136pt x 11.1084pt.
 [25

]
File: theme/htwlogo.png Graphic file (type png)
<use theme/htwlogo.png>
Package pdftex.def Info: theme/htwlogo.png  used on input line 491.
(pdftex.def)             Requested size: 59.08136pt x 11.1084pt.
File: 36-Datenbankentwurf/bilder/ERD_Uni_Kardinalitäten.png Graphic file (type png)
<use 36-Datenbankentwurf/bilder/ERD_Uni_Kardinalitäten.png>
Package pdftex.def Info: 36-Datenbankentwurf/bilder/ERD_Uni_Kardinalitäten.png  used on input line 491.
(pdftex.def)             Requested size: 307.28987pt x 205.36871pt.
File: theme/htwlogo.png Graphic file (type png)
<use theme/htwlogo.png>
Package pdftex.def Info: theme/htwlogo.png  used on input line 491.
(pdftex.def)             Requested size: 59.08136pt x 11.1084pt.
 [26

]))
\tf@nav=\write6
\openout6 = `main.nav'.

\tf@toc=\write7
\openout7 = `main.toc'.

\tf@snm=\write8
\openout8 = `main.snm'.

 (./main.aux (./configuration.aux) (./36-Datenbankentwurf/datenbankentwurf.aux))
 ***********
LaTeX2e <2025-11-01>
L3 programming layer <2026-03-20>
 ***********
Package rerunfilecheck Info: File `main.out' has not changed.
(rerunfilecheck)             Checksum: D41D8CD98F00B204E9800998ECF8427E;0.
 ) 
Here is how much of TeX's memory you used:
 34255 strings out of 467349
 711663 string characters out of 5415641
 1357779 words of memory out of 5000000
 62571 multiletter control sequences out of 15000+600000
 648851 words of font info for 95 fonts, out of 8000000 for 9000
 1141 hyphenation exceptions out of 8191
 128i,19n,123p,584b,921s stack positions out of 10000i,1000n,20000p,200000b,200000s
</usr/local/texlive/2026/texmf-dist/fonts/type1/public/amsfonts/cm/cmssi10.pfb></usr/local/texlive/2026/texmf-dist/fonts/type1/public/amsfonts/cm/cmssi12.pfb></usr/local/texlive/2026/texmf-dist/fonts/type1/public/amsfonts/cm/cmssi8.pfb></usr/local/texlive/2026/texmf-dist/fonts/type1/public/amsfonts/cm/cmsy10.pfb></usr/local/texlive/2026/texmf-dist/fonts/type1/public/cm-super/sfss0600.pfb></usr/local/texlive/2026/texmf-dist/fonts/type1/public/cm-super/sfss0800.pfb></usr/local/texlive/2026/texmf-dist/fonts/type1/public/cm-super/sfss1000.pfb></usr/local/texlive/2026/texmf-dist/fonts/type1/public/cm-super/sfss1095.pfb></usr/local/texlive/2026/texmf-dist/fonts/type1/public/cm-super/sfsx1095.pfb></usr/local/texlive/2026/texmf-dist/fonts/type1/public/cm-super/sfsx1200.pfb></usr/local/texlive/2026/texmf-dist/fonts/type1/public/cm-super/sfsx1728.pfb>
Output written on main.pdf (26 pages, 420816 bytes).
PDF statistics:
 263 PDF objects out of 1000 (max. 8388607)
 173 compressed objects within 2 object streams
 53 named destinations out of 1000 (max. 500000)
 186 words of extra memory for PDF output out of 10000 (max. 10000000)

